<?xml version="1.0" encoding="UTF-8"?>
<testsuite name="tests.ReqresApiTests" tests="1" skipped="0" failures="0" errors="0" timestamp="2023-06-17T19:49:18" hostname="DESKTOP-IQVJM0R" time="11.856">
  <properties/>
  <testcase name="Login user without email in request body" classname="tests.ReqresApiTests" time="11.856"/>
  <system-out><![CDATA[Request URI:	https://reqres.in/api/login
Body:
{
    "password": "cityslicka"
}
{
    "error": "Missing email or username"
}
]]></system-out>
  <system-err><![CDATA[]]></system-err>
</testsuite>
