<?xml version="1.0" encoding="UTF-8"?>
<testsuite name="tests.ReqresApiTests" tests="1" skipped="0" failures="0" errors="0" timestamp="2023-06-16T09:45:41" hostname="DESKTOP-IQVJM0R" time="3.9">
  <properties/>
  <testcase name="Login user without email in request body" classname="tests.ReqresApiTests" time="3.9"/>
  <system-out><![CDATA[Request URI:	https://reqres.in/api/login
HTTP/1.1 400 Bad Request
{
    "error": "Missing email or username"
}
]]></system-out>
  <system-err><![CDATA[]]></system-err>
</testsuite>
