<?xml version="1.0" encoding="UTF-8"?>
<testsuite name="tests.ReqresApiTests" tests="1" skipped="0" failures="0" errors="0" timestamp="2023-06-17T14:29:07" hostname="DESKTOP-IQVJM0R" time="7.526">
  <properties/>
  <testcase name="checking the email of an existing user" classname="tests.ReqresApiTests" time="7.526"/>
  <system-out><![CDATA[Request URI:	https://reqres.in/api/users/2
HTTP/1.1 200 OK
{
    "data": {
        "id": 2,
        "email": "janet.weaver@reqres.in",
        "first_name": "Janet",
        "last_name": "Weaver",
        "avatar": "https://reqres.in/img/faces/2-image.jpg"
    },
    "support": {
        "url": "https://reqres.in/#support-heading",
        "text": "To keep ReqRes free, contributions towards server costs are appreciated!"
    }
}
]]></system-out>
  <system-err><![CDATA[]]></system-err>
</testsuite>
