<?xml version="1.0" encoding="UTF-8"?>
<testsuite name="tests.demowebshop.CartTest" tests="1" skipped="0" failures="0" errors="0" timestamp="2023-06-19T18:26:29" hostname="DESKTOP-E78FPDL" time="3.87">
  <properties/>
  <testcase name="addToCartTest()" classname="tests.demowebshop.CartTest" time="3.87"/>
  <system-out><![CDATA[HTTP/1.1 302 Found
Content-Length: 118
Content-Type: text/html; charset=utf-8
Date: Mon, 19 Jun 2023 18:26:30 GMT
Server: Microsoft-IIS/10.0
Cache-Control: private
Location: /
Set-Cookie: Nop.customer=bac2bf1e-06d7-4477-bc09-94d6132b2d94; expires=Tue, 18-Jun-2024 18:26:30 GMT; path=/; HttpOnly
Set-Cookie: NOPCOMMERCE.AUTH=44E0B4880C952E37AA2213DC2B13997AEEE209B16DB46C7BFA42C0184F5430F59EE4D9BAEA519356F5D60DB7314A49A3CD8E8B58B907E575E54CB10C0DA2E5CD45D3EE5125E30BBED1556D2832E991E30F47819E76265E7F9D996FACA27BA3CBFD8447994EB6C99ABC7E6BCF89132AEA80DA168AE14139B002D9C9EDFCA005A8; path=/; HttpOnly
Set-Cookie: ARRAffinity=c87cfca9533fb6ed9073f5953c272e806d3ffcecff688cd52364c911623ea2a0;Path=/;HttpOnly;Secure;Domain=demowebshop.tricentis.com
Set-Cookie: ARRAffinitySameSite=c87cfca9533fb6ed9073f5953c272e806d3ffcecff688cd52364c911623ea2a0;Path=/;HttpOnly;SameSite=None;Secure;Domain=demowebshop.tricentis.com
X-AspNetMvc-Version: 5.2
X-AspNet-Version: 4.0.30319
X-Powered-By: ASP.NET

<html>
  <head>
    <title>Object moved</title>
  </head>
  <body>
    <h2>
Object moved to       <a shape="rect" href="/">here</a>
.    </h2>
  </body>
</html>
HTTP/1.1 200 OK
Content-Length: 1377
Content-Type: application/json; charset=utf-8
Date: Mon, 19 Jun 2023 18:26:31 GMT
Server: Microsoft-IIS/10.0
Cache-Control: private
Content-Encoding: gzip
Set-Cookie: Nop.customer=83b2aacc-19c2-4f80-a844-2266b91946c7; expires=Tue, 18-Jun-2024 18:26:31 GMT; path=/; HttpOnly
Set-Cookie: ARRAffinity=c87cfca9533fb6ed9073f5953c272e806d3ffcecff688cd52364c911623ea2a0;Path=/;HttpOnly;Secure;Domain=demowebshop.tricentis.com
Set-Cookie: ARRAffinitySameSite=c87cfca9533fb6ed9073f5953c272e806d3ffcecff688cd52364c911623ea2a0;Path=/;HttpOnly;SameSite=None;Secure;Domain=demowebshop.tricentis.com
Vary: Accept-Encoding
X-AspNetMvc-Version: 5.2
X-AspNet-Version: 4.0.30319
X-Powered-By: ASP.NET

{
    "success": true,
    "message": "The product has been added to your <a href=\"/cart\">shopping cart</a>",
    "updatetopcartsectionhtml": "(35)",
    "updateflyoutcartsectionhtml": "<div id=\"flyout-cart\" class=\"flyout-cart\">\r\n    <div class=\"mini-shopping-cart\">\r\n        <div class=\"count\">\r\nThere are <a href=\"/cart\" class=\"items\">35 item(s)</a> in your cart.        </div>\r\n            <div class=\"items\">\r\n                    <div class=\"item first\">\r\n                            <div class=\"picture\">\r\n                                <a href=\"/build-your-own-computer\" title=\"Show details for Build your own computer\">\r\n                                    <img alt=\"Picture of Build your own computer\" src=\"https://demowebshop.tricentis.com/content/images/thumbs/0000031_build-your-own-computer_47.jpeg\" title=\"Show details for Build your own computer\" />\r\n                                </a>\r\n                            </div>\r\n                        <div class=\"product\">\r\n                            <div class=\"name\">\r\n                                <a href=\"/build-your-own-computer\">Build your own computer</a>\r\n                            </div>\r\n                                <div class=\"attributes\">\r\n                                    Processor: 2.5 GHz Intel Pentium Dual-Core E2200 [+15.00]<br />RAM: 2 GB<br />HDD: 400 GB [+100.00]<br />OS: Ubuntu<br />Software: Microsoft Office [+50.00]\r\n                                </div>\r\n                            <div class=\"price\">Unit price: <span>1365.00</span></div>\r\n                            <div class=\"quantity\">Quantity: <span>3</span></div>\r\n                        </div>\r\n                    </div>\r\n                    <div class=\"item\">\r\n                            <div class=\"picture\">\r\n                                <a href=\"/build-your-cheap-own-computer\" title=\"Show details for Build your own cheap computer\">\r\n                                    <img alt=\"Picture of Build your own cheap computer\" src=\"https://demowebshop.tricentis.com/content/images/thumbs/0000172_build-your-own-cheap-computer_47.jpeg\" title=\"Show details for Build your own cheap computer\" />\r\n                                </a>\r\n                            </div>\r\n                        <div class=\"product\">\r\n                            <div class=\"name\">\r\n                                <a href=\"/build-your-cheap-own-computer\">Build your own cheap computer</a>\r\n                            </div>\r\n                                <div class=\"attributes\">\r\n                                    Processor: Slow<br />RAM: 2 GB<br />HDD: 400 GB [+100.00]\r\n                                </div>\r\n                            <div class=\"price\">Unit price: <span>900.00</span></div>\r\n                            <div class=\"quantity\">Quantity: <span>12</span></div>\r\n                        </div>\r\n                    </div>\r\n                    <div class=\"item\">\r\n                            <div class=\"picture\">\r\n                                <a href=\"/build-your-cheap-own-computer\" title=\"Show details for Build your own cheap computer\">\r\n                                    <img alt=\"Picture of Build your own cheap computer\" src=\"https://demowebshop.tricentis.com/content/images/thumbs/0000172_build-your-own-cheap-computer_47.jpeg\" title=\"Show details for Build your own cheap computer\" />\r\n                                </a>\r\n                            </div>\r\n                        <div class=\"product\">\r\n                            <div class=\"name\">\r\n                                <a href=\"/build-your-cheap-own-computer\">Build your own cheap computer</a>\r\n                            </div>\r\n                                <div class=\"attributes\">\r\n                                    Processor: Slow<br />RAM: 2 GB<br />HDD: 320 GB<br />Software: Image Viever [+5.00]<br />Software: Office Suite [+100.00]\r\n                                </div>\r\n                            <div class=\"price\">Unit price: <span>905.00</span></div>\r\n                            <div class=\"quantity\">Quantity: <span>1</span></div>\r\n                        </div>\r\n                    </div>\r\n                    <div class=\"item\">\r\n                            <div class=\"picture\">\r\n                                <a href=\"/build-your-cheap-own-computer\" title=\"Show details for Build your own cheap computer\">\r\n                                    <img alt=\"Picture of Build your own cheap computer\" src=\"https://demowebshop.tricentis.com/content/images/thumbs/0000172_build-your-own-cheap-computer_47.jpeg\" title=\"Show details for Build your own cheap computer\" />\r\n                                </a>\r\n                            </div>\r\n                        <div class=\"product\">\r\n                            <div class=\"name\">\r\n                                <a href=\"/build-your-cheap-own-computer\">Build your own cheap computer</a>\r\n                            </div>\r\n                                <div class=\"attributes\">\r\n                                    Processor: Slow<br />RAM: 2 GB<br />HDD: 320 GB\r\n                                </div>\r\n                            <div class=\"price\">Unit price: <span>800.00</span></div>\r\n                            <div class=\"quantity\">Quantity: <span>5</span></div>\r\n                        </div>\r\n                    </div>\r\n                    <div class=\"item\">\r\n                            <div class=\"picture\">\r\n                                <a href=\"/build-your-cheap-own-computer\" title=\"Show details for Build your own cheap computer\">\r\n                                    <img alt=\"Picture of Build your own cheap computer\" src=\"https://demowebshop.tricentis.com/content/images/thumbs/0000172_build-your-own-cheap-computer_47.jpeg\" title=\"Show details for Build your own cheap computer\" />\r\n                                </a>\r\n                            </div>\r\n                        <div class=\"product\">\r\n                            <div class=\"name\">\r\n                                <a href=\"/build-your-cheap-own-computer\">Build your own cheap computer</a>\r\n                            </div>\r\n                                <div class=\"attributes\">\r\n                                    Processor: Medium [+15.00]<br />RAM: 2 GB<br />HDD: 320 GB\r\n                                </div>\r\n                            <div class=\"price\">Unit price: <span>815.00</span></div>\r\n                            <div class=\"quantity\">Quantity: <span>5</span></div>\r\n                        </div>\r\n                    </div>\r\n            </div>\r\n            <div class=\"totals\">Sub-Total: <strong>32875.00</strong></div>\r\n            <div class=\"buttons\">\r\n                    <input type=\"button\" value=\"Go to cart\" class=\"button-1 cart-button\" onclick=\"setLocation('/cart')\" />\r\n                            </div>\r\n    </div>\r\n</div>\r\n"
}
]]></system-out>
  <system-err><![CDATA[]]></system-err>
</testsuite>
